<?xml version="1.0" encoding="UTF-8"?>
<testsuite xmlns:xsi="http://www.w3.org/2001/XMLSchema-instance" xsi:noNamespaceSchemaLocation="https://maven.apache.org/surefire/maven-surefire-plugin/xsd/surefire-test-report.xsd" name="com.revature.p0.ecommerce.services.UserServiceTest" time="0.615" tests="2" errors="0" skipped="0" failures="0">
  <properties>
    <property name="java.specification.version" value="21"/>
    <property name="sun.jnu.encoding" value="UTF-8"/>
    <property name="java.class.path" value="/Users/robertjimenez/Documents/Revature Projects/p0/p0/target/test-classes:/Users/robertjimenez/Documents/Revature Projects/p0/p0/target/classes:/Users/robertjimenez/.m2/repository/org/slf4j/slf4j-simple/2.0.10/slf4j-simple-2.0.10.jar:/Users/robertjimenez/.m2/repository/org/slf4j/slf4j-api/2.0.10/slf4j-api-2.0.10.jar:/Users/robertjimenez/.m2/repository/io/javalin/javalin/6.1.3/javalin-6.1.3.jar:/Users/robertjimenez/.m2/repository/org/eclipse/jetty/jetty-server/11.0.20/jetty-server-11.0.20.jar:/Users/robertjimenez/.m2/repository/org/eclipse/jetty/jetty-http/11.0.20/jetty-http-11.0.20.jar:/Users/robertjimenez/.m2/repository/org/eclipse/jetty/jetty-util/11.0.20/jetty-util-11.0.20.jar:/Users/robertjimenez/.m2/repository/org/eclipse/jetty/jetty-io/11.0.20/jetty-io-11.0.20.jar:/Users/robertjimenez/.m2/repository/org/eclipse/jetty/toolchain/jetty-jakarta-servlet-api/5.0.2/jetty-jakarta-servlet-api-5.0.2.jar:/Users/robertjimenez/.m2/repository/org/eclipse/jetty/websocket/websocket-jetty-server/11.0.20/websocket-jetty-server-11.0.20.jar:/Users/robertjimenez/.m2/repository/org/eclipse/jetty/jetty-servlet/11.0.20/jetty-servlet-11.0.20.jar:/Users/robertjimenez/.m2/repository/org/eclipse/jetty/jetty-security/11.0.20/jetty-security-11.0.20.jar:/Users/robertjimenez/.m2/repository/org/eclipse/jetty/jetty-webapp/11.0.20/jetty-webapp-11.0.20.jar:/Users/robertjimenez/.m2/repository/org/eclipse/jetty/jetty-xml/11.0.20/jetty-xml-11.0.20.jar:/Users/robertjimenez/.m2/repository/org/eclipse/jetty/websocket/websocket-jetty-api/11.0.20/websocket-jetty-api-11.0.20.jar:/Users/robertjimenez/.m2/repository/org/eclipse/jetty/websocket/websocket-jetty-common/11.0.20/websocket-jetty-common-11.0.20.jar:/Users/robertjimenez/.m2/repository/org/eclipse/jetty/websocket/websocket-core-common/11.0.20/websocket-core-common-11.0.20.jar:/Users/robertjimenez/.m2/repository/org/eclipse/jetty/websocket/websocket-servlet/11.0.20/websocket-servlet-11.0.20.jar:/Users/robertjimenez/.m2/repository/org/eclipse/jetty/websocket/websocket-core-server/11.0.20/websocket-core-server-11.0.20.jar:/Users/robertjimenez/.m2/repository/org/jetbrains/kotlin/kotlin-stdlib-jdk8/1.9.22/kotlin-stdlib-jdk8-1.9.22.jar:/Users/robertjimenez/.m2/repository/org/jetbrains/kotlin/kotlin-stdlib/1.9.22/kotlin-stdlib-1.9.22.jar:/Users/robertjimenez/.m2/repository/org/jetbrains/annotations/13.0/annotations-13.0.jar:/Users/robertjimenez/.m2/repository/org/jetbrains/kotlin/kotlin-stdlib-jdk7/1.9.22/kotlin-stdlib-jdk7-1.9.22.jar:/Users/robertjimenez/.m2/repository/org/mockito/mockito-core/5.11.0/mockito-core-5.11.0.jar:/Users/robertjimenez/.m2/repository/net/bytebuddy/byte-buddy/1.14.12/byte-buddy-1.14.12.jar:/Users/robertjimenez/.m2/repository/net/bytebuddy/byte-buddy-agent/1.14.12/byte-buddy-agent-1.14.12.jar:/Users/robertjimenez/.m2/repository/org/objenesis/objenesis/3.3/objenesis-3.3.jar:/Users/robertjimenez/.m2/repository/org/mindrot/jbcrypt/0.4/jbcrypt-0.4.jar:/Users/robertjimenez/.m2/repository/junit/junit/4.11/junit-4.11.jar:/Users/robertjimenez/.m2/repository/org/hamcrest/hamcrest-core/1.3/hamcrest-core-1.3.jar:/Users/robertjimenez/.m2/repository/org/postgresql/postgresql/42.7.3/postgresql-42.7.3.jar:/Users/robertjimenez/.m2/repository/org/checkerframework/checker-qual/3.42.0/checker-qual-3.42.0.jar:"/>
    <property name="java.vm.vendor" value="Homebrew"/>
    <property name="sun.arch.data.model" value="64"/>
    <property name="java.vendor.url" value="https://github.com/Homebrew/homebrew-core/issues"/>
    <property name="os.name" value="Mac OS X"/>
    <property name="java.vm.specification.version" value="21"/>
    <property name="sun.java.launcher" value="SUN_STANDARD"/>
    <property name="user.country" value="US"/>
    <property name="sun.boot.library.path" value="/opt/homebrew/Cellar/openjdk/21.0.2/libexec/openjdk.jdk/Contents/Home/lib"/>
    <property name="sun.java.command" value="/Users/robertjimenez/Documents/Revature Projects/p0/p0/target/surefire/surefirebooter5646987599542058987.jar /Users/robertjimenez/Documents/Revature Projects/p0/p0/target/surefire 2024-04-22T13-43-39_542-jvmRun1 surefire17770701893100926881tmp surefire_013725723560607596478tmp"/>
    <property name="http.nonProxyHosts" value="local|*.local|169.254/16|*.169.254/16"/>
    <property name="jdk.debug" value="release"/>
    <property name="surefire.test.class.path" value="/Users/robertjimenez/Documents/Revature Projects/p0/p0/target/test-classes:/Users/robertjimenez/Documents/Revature Projects/p0/p0/target/classes:/Users/robertjimenez/.m2/repository/org/slf4j/slf4j-simple/2.0.10/slf4j-simple-2.0.10.jar:/Users/robertjimenez/.m2/repository/org/slf4j/slf4j-api/2.0.10/slf4j-api-2.0.10.jar:/Users/robertjimenez/.m2/repository/io/javalin/javalin/6.1.3/javalin-6.1.3.jar:/Users/robertjimenez/.m2/repository/org/eclipse/jetty/jetty-server/11.0.20/jetty-server-11.0.20.jar:/Users/robertjimenez/.m2/repository/org/eclipse/jetty/jetty-http/11.0.20/jetty-http-11.0.20.jar:/Users/robertjimenez/.m2/repository/org/eclipse/jetty/jetty-util/11.0.20/jetty-util-11.0.20.jar:/Users/robertjimenez/.m2/repository/org/eclipse/jetty/jetty-io/11.0.20/jetty-io-11.0.20.jar:/Users/robertjimenez/.m2/repository/org/eclipse/jetty/toolchain/jetty-jakarta-servlet-api/5.0.2/jetty-jakarta-servlet-api-5.0.2.jar:/Users/robertjimenez/.m2/repository/org/eclipse/jetty/websocket/websocket-jetty-server/11.0.20/websocket-jetty-server-11.0.20.jar:/Users/robertjimenez/.m2/repository/org/eclipse/jetty/jetty-servlet/11.0.20/jetty-servlet-11.0.20.jar:/Users/robertjimenez/.m2/repository/org/eclipse/jetty/jetty-security/11.0.20/jetty-security-11.0.20.jar:/Users/robertjimenez/.m2/repository/org/eclipse/jetty/jetty-webapp/11.0.20/jetty-webapp-11.0.20.jar:/Users/robertjimenez/.m2/repository/org/eclipse/jetty/jetty-xml/11.0.20/jetty-xml-11.0.20.jar:/Users/robertjimenez/.m2/repository/org/eclipse/jetty/websocket/websocket-jetty-api/11.0.20/websocket-jetty-api-11.0.20.jar:/Users/robertjimenez/.m2/repository/org/eclipse/jetty/websocket/websocket-jetty-common/11.0.20/websocket-jetty-common-11.0.20.jar:/Users/robertjimenez/.m2/repository/org/eclipse/jetty/websocket/websocket-core-common/11.0.20/websocket-core-common-11.0.20.jar:/Users/robertjimenez/.m2/repository/org/eclipse/jetty/websocket/websocket-servlet/11.0.20/websocket-servlet-11.0.20.jar:/Users/robertjimenez/.m2/repository/org/eclipse/jetty/websocket/websocket-core-server/11.0.20/websocket-core-server-11.0.20.jar:/Users/robertjimenez/.m2/repository/org/jetbrains/kotlin/kotlin-stdlib-jdk8/1.9.22/kotlin-stdlib-jdk8-1.9.22.jar:/Users/robertjimenez/.m2/repository/org/jetbrains/kotlin/kotlin-stdlib/1.9.22/kotlin-stdlib-1.9.22.jar:/Users/robertjimenez/.m2/repository/org/jetbrains/annotations/13.0/annotations-13.0.jar:/Users/robertjimenez/.m2/repository/org/jetbrains/kotlin/kotlin-stdlib-jdk7/1.9.22/kotlin-stdlib-jdk7-1.9.22.jar:/Users/robertjimenez/.m2/repository/org/mockito/mockito-core/5.11.0/mockito-core-5.11.0.jar:/Users/robertjimenez/.m2/repository/net/bytebuddy/byte-buddy/1.14.12/byte-buddy-1.14.12.jar:/Users/robertjimenez/.m2/repository/net/bytebuddy/byte-buddy-agent/1.14.12/byte-buddy-agent-1.14.12.jar:/Users/robertjimenez/.m2/repository/org/objenesis/objenesis/3.3/objenesis-3.3.jar:/Users/robertjimenez/.m2/repository/org/mindrot/jbcrypt/0.4/jbcrypt-0.4.jar:/Users/robertjimenez/.m2/repository/junit/junit/4.11/junit-4.11.jar:/Users/robertjimenez/.m2/repository/org/hamcrest/hamcrest-core/1.3/hamcrest-core-1.3.jar:/Users/robertjimenez/.m2/repository/org/postgresql/postgresql/42.7.3/postgresql-42.7.3.jar:/Users/robertjimenez/.m2/repository/org/checkerframework/checker-qual/3.42.0/checker-qual-3.42.0.jar:"/>
    <property name="sun.cpu.endian" value="little"/>
    <property name="user.home" value="/Users/robertjimenez"/>
    <property name="user.language" value="en"/>
    <property name="java.specification.vendor" value="Oracle Corporation"/>
    <property name="java.version.date" value="2024-01-16"/>
    <property name="java.home" value="/opt/homebrew/Cellar/openjdk/21.0.2/libexec/openjdk.jdk/Contents/Home"/>
    <property name="file.separator" value="/"/>
    <property name="basedir" value="/Users/robertjimenez/Documents/Revature Projects/p0/p0"/>
    <property name="java.vm.compressedOopsMode" value="Zero based"/>
    <property name="line.separator" value="&#10;"/>
    <property name="java.vm.specification.vendor" value="Oracle Corporation"/>
    <property name="java.specification.name" value="Java Platform API Specification"/>
    <property name="apple.awt.application.name" value="ForkedBooter"/>
    <property name="surefire.real.class.path" value="/Users/robertjimenez/Documents/Revature Projects/p0/p0/target/surefire/surefirebooter5646987599542058987.jar"/>
    <property name="sun.management.compiler" value="HotSpot 64-Bit Tiered Compilers"/>
    <property name="ftp.nonProxyHosts" value="local|*.local|169.254/16|*.169.254/16"/>
    <property name="java.runtime.version" value="21.0.2"/>
    <property name="user.name" value="robertjimenez"/>
    <property name="stdout.encoding" value="UTF-8"/>
    <property name="path.separator" value=":"/>
    <property name="os.version" value="13.5"/>
    <property name="java.runtime.name" value="OpenJDK Runtime Environment"/>
    <property name="file.encoding" value="UTF-8"/>
    <property name="java.vm.name" value="OpenJDK 64-Bit Server VM"/>
    <property name="java.vendor.version" value="Homebrew"/>
    <property name="localRepository" value="/Users/robertjimenez/.m2/repository"/>
    <property name="java.vendor.url.bug" value="https://github.com/Homebrew/homebrew-core/issues"/>
    <property name="java.io.tmpdir" value="/var/folders/nz/k4xtxqxx0v95_gbjhtcpgxmm0000gn/T/"/>
    <property name="java.version" value="21.0.2"/>
    <property name="user.dir" value="/Users/robertjimenez/Documents/Revature Projects/p0/p0"/>
    <property name="os.arch" value="aarch64"/>
    <property name="java.vm.specification.name" value="Java Virtual Machine Specification"/>
    <property name="native.encoding" value="UTF-8"/>
    <property name="java.library.path" value="/Users/robertjimenez/Library/Java/Extensions:/Library/Java/Extensions:/Network/Library/Java/Extensions:/System/Library/Java/Extensions:/usr/lib/java:."/>
    <property name="java.vm.info" value="mixed mode, sharing"/>
    <property name="stderr.encoding" value="UTF-8"/>
    <property name="java.vendor" value="Homebrew"/>
    <property name="java.vm.version" value="21.0.2"/>
    <property name="sun.io.unicode.encoding" value="UnicodeBig"/>
    <property name="socksNonProxyHosts" value="local|*.local|169.254/16|*.169.254/16"/>
    <property name="java.class.version" value="65.0"/>
  </properties>
  <testcase name="isValidEmailShouldReturnTrueIfEmailisValid" classname="com.revature.p0.ecommerce.services.UserServiceTest" time="0.612"/>
  <testcase name="isValidEmailShouldReturnFalseIfEmailisBlank" classname="com.revature.p0.ecommerce.services.UserServiceTest" time="0.003"/>
</testsuite>